[debug] [2022-03-21T13:03:33.602Z] ----------------------------------------------------------------------
[debug] [2022-03-21T13:03:33.604Z] Command:       C:\Program Files\nodejs\node.exe C:\Users\suyat\AppData\Roaming\npm\node_modules\firebase-tools\lib\bin\firebase.js init hosting
[debug] [2022-03-21T13:03:33.605Z] CLI Version:   10.4.0
[debug] [2022-03-21T13:03:33.605Z] Platform:      win32
[debug] [2022-03-21T13:03:33.605Z] Node Version:  v16.13.2
[debug] [2022-03-21T13:03:33.606Z] Time:          Mon Mar 21 2022 21:03:33 GMT+0800 (中国标准时间)
[debug] [2022-03-21T13:03:33.607Z] ----------------------------------------------------------------------
[debug] 
[debug] [2022-03-21T13:03:33.614Z] > command requires scopes: ["email","openid","https://www.googleapis.com/auth/cloudplatformprojects.readonly","https://www.googleapis.com/auth/firebase","https://www.googleapis.com/auth/cloud-platform"]
[debug] [2022-03-21T13:03:33.615Z] > authorizing via signed-in user (suyatinglaura@gmail.com)
[info] 
     ######## #### ########  ######## ########     ###     ######  ########
     ##        ##  ##     ## ##       ##     ##  ##   ##  ##       ##
     ######    ##  ########  ######   ########  #########  ######  ######
     ##        ##  ##    ##  ##       ##     ## ##     ##       ## ##
     ##       #### ##     ## ######## ########  ##     ##  ######  ########

You're about to initialize a Firebase project in this directory:

  C:\Learning Material\BT3103\L10\project

Before we get started, keep in mind:

  * You are currently outside your home directory

[info] 
=== Project Setup
[info] 
[info] First, let's associate this project directory with a Firebase project.
[info] You can create multiple project aliases by running firebase use --add, 
[info] but for now we'll just set up a default project.
[info] 
[debug] [2022-03-21T13:03:47.871Z] >>> [apiv2][query] GET https://firebase.googleapis.com/v1beta1/projects pageSize=100
[debug] [2022-03-21T13:03:48.472Z] <<< [apiv2][status] GET https://firebase.googleapis.com/v1beta1/projects 200
[debug] [2022-03-21T13:03:48.472Z] <<< [apiv2][body] GET https://firebase.googleapis.com/v1beta1/projects [omitted]
[info] i  Using project mycpp-28691 (myCPP) 
[info] 
=== Hosting Setup
[info] 
[info] Your public directory is the folder (relative to your project directory) that
[info] will contain Hosting assets to be uploaded with firebase deploy. If you
[info] have a build process for your assets, use your build's output directory.
[info] 
[debug] [2022-03-21T13:04:44.940Z] Error: kill ENOSYS
    at process.kill (node:internal/process/per_thread:215:13)
    at process.listener (C:\Users\suyat\AppData\Roaming\npm\node_modules\firebase-tools\node_modules\signal-exit\index.js:95:15)
    at process.emit (node:events:390:28)
[error] 
[error] Error: An unexpected error has occurred.
